*** Using Compiler 'V5.06 update 6 (build 750)', folder: 'C:\Keil_v5\ARM\ARMCC\Bin'
Build target 'LN-QK299-220T12G-J'
assembling startup_gd32c10x.s...
compiling gd32c10x_it.c...
compiling main.c...
main.c(221): error:  #167: argument of type "const uint8_t *" is incompatible with parameter of type "uint8_t *"
                          usart_Sen_dma(0, info, 18);
main.c: 0 warnings, 1 error
compiling system_gd32c10x.c...
compiling gd32c10x_bkp.c...
compiling systick.c...
compiling gd32c10x_adc.c...
compiling power.c...
compiling gd32c10x_ctc.c...
compiling gd32c10x_exmc.c...
compiling gd32c10x_exti.c...
compiling gd32c10x_dma.c...
compiling gd32c10x_fmc.c...
compiling gd32c10x_misc.c...
compiling gd32c10x_pmu.c...
compiling gd32c10x_gpio.c...
compiling gd32c10x_rcu.c...
compiling timer.c...
..\USER\power.h(34): error:  #20: identifier "M" is undefined
  extern uint16_t ADC_results[M];
..\HARDWARE\timer.c: 0 warnings, 1 error
compiling usart.c...
compiling gd32c10x_usart.c...
compiling delay.c...
compiling gd32c10x_timer.c...
compiling GPIO.c...
compiling DMA.c...
compiling NVIC.c...
..\HARDWARE\NVIC.c(147): warning:  #177-D: variable "xHPTW"  was declared but never referenced
      BaseType_t xHPTW = NULL;
..\HARDWARE\NVIC.c(148): warning:  #550-D: variable "len"  was set but never used
      uint16_t len;
..\HARDWARE\NVIC.c: 2 warnings, 0 errors
compiling adc.c...
..\HARDWARE\adc.c(280): warning:  #1035-D: single-precision operand implicitly converted to double-precision
      rt = (Rp * Uo) / (Ui - Uo);                          //算出热敏在下位置的阻值,
..\HARDWARE\adc.c(285): warning:  #1035-D: single-precision operand implicitly converted to double-precision
      temp = (short)((1 / (logf(rt / Rp) / Bx + (1 / T2))) - Ka + 0.5);     //计算温度
..\HARDWARE\adc.c: 2 warnings, 0 errors
compiling iap_APP.c...
compiling my_printf.c...
compiling iap_crc.c...
compiling croutine.c...
compiling list.c...
compiling event_groups.c...
compiling queue.c...
compiling stream_buffer.c...
compiling port.c...
compiling timers.c...
compiling heap_4.c...
compiling tasks.c...
"..\OBJ\LN-QK299-220T12G-J-APP.axf" - 2 Error(s), 4 Warning(s).
Target not created.
Build Time Elapsed:  00:00:03
